<?xml version="1.0" encoding="UTF-8"?>
<testsuite name="com.example.springbootinpracticestudy.SpringBootInPracticeStudyApplicationTest" tests="1" skipped="0" failures="0" errors="0" timestamp="2023-09-29T13:50:01" hostname="jaehoonman-2.local" time="0.379">
  <properties/>
  <testcase name="givenCreateCourseWhenFindAllCoursesThenExpectOneCourse()" classname="com.example.springbootinpracticestudy.SpringBootInPracticeStudyApplicationTest" time="0.379"/>
  <system-out><![CDATA[
  .   ____          _            __ _ _
 /\\ / ___'_ __ _ _(_)_ __  __ _ \ \ \ \
( ( )\___ | '_ | '_| | '_ \/ _` | \ \ \ \
 \\/  ___)| |_)| | | | | || (_| |  ) ) ) )
  '  |____| .__|_| |_|_| |_\__, | / / / /
 =========|_|==============|___/=/_/_/_/
 :: Spring Boot ::                (v3.1.4)

Hibernate: drop table if exists courses cascade 
Hibernate: create table courses (rating integer not null, id bigint generated by default as identity, category varchar(255), description varchar(255), name varchar(255), primary key (id))
Hibernate: insert into courses (category,description,name,rating,id) values (?,?,?,?,default)
Hibernate: select c1_0.id,c1_0.category,c1_0.description,c1_0.name,c1_0.rating from courses c1_0
]]></system-out>
  <system-err><![CDATA[SLF4J: No SLF4J providers were found.
SLF4J: Defaulting to no-operation (NOP) logger implementation
SLF4J: See https://www.slf4j.org/codes.html#noProviders for further details.
[2023-09-29 22:50:00.464] - 38241 INFO [Test worker] --- org.hibernate.jpa.internal.util.LogHelper: HHH000204: Processing PersistenceUnitInfo [name: default]
[2023-09-29 22:50:00.487] - 38241 INFO [Test worker] --- org.hibernate.Version: HHH000412: Hibernate ORM core version 6.2.9.Final
[2023-09-29 22:50:00.488] - 38241 INFO [Test worker] --- org.hibernate.cfg.Environment: HHH000406: Using bytecode reflection optimizer
[2023-09-29 22:50:00.539] - 38241 INFO [Test worker] --- org.hibernate.bytecode.internal.BytecodeProviderInitiator: HHH000021: Bytecode provider name : bytebuddy
[2023-09-29 22:50:00.685] - 38241 INFO [Test worker] --- org.hibernate.bytecode.internal.BytecodeProviderInitiator: HHH000021: Bytecode provider name : bytebuddy
[2023-09-29 22:50:00.926] - 38241 INFO [Test worker] --- org.hibernate.engine.transaction.jta.platform.internal.JtaPlatformInitiator: HHH000490: Using JtaPlatform implementation: [org.hibernate.engine.transaction.jta.platform.internal.NoJtaPlatform]
]]></system-err>
</testsuite>
